#
# There is insufficient memory for the Java Runtime Environment to continue.
# Native memory allocation (malloc) failed to allocate 1048576 bytes for AllocateHeap
# Possible reasons:
#   The system is out of physical RAM or swap space
#   In 32 bit mode, the process size limit was hit
# Possible solutions:
#   Reduce memory load on the system
#   Increase physical memory or swap space
#   Check if swap backing store is full
#   Use 64 bit Java on a 64 bit OS
#   Decrease Java heap size (-Xmx/-Xms)
#   Decrease number of Java threads
#   Decrease Java thread stack sizes (-Xss)
#   Set larger code cache with -XX:ReservedCodeCacheSize=
# This output file may be truncated or incomplete.
#
#  Out of Memory Error (memory/allocation.inline.hpp:61), pid=12216, tid=0x0000000000003d18
#
# JRE version:  (8.0_162-b12) (build )
# Java VM: Java HotSpot(TM) 64-Bit Server VM (25.162-b12 mixed mode windows-amd64 compressed oops)
# Failed to write core dump. Minidumps are not enabled by default on client versions of Windows
#

---------------  T H R E A D  ---------------

Current thread (0x0000000002562800):  JavaThread "Unknown thread" [_thread_in_vm, id=15640, stack(0x00000000023a0000,0x00000000024a0000)]

Stack: [0x00000000023a0000,0x00000000024a0000]
[error occurred during error reporting (printing stack bounds), id 0xc0000005]

Native frames: (J=compiled Java code, j=interpreted, Vv=VM code, C=native code)


---------------  P R O C E S S  ---------------

Java Threads: ( => current thread )

Other Threads:

=>0x0000000002562800 (exited) JavaThread "Unknown thread" [_thread_in_vm, id=15640, stack(0x00000000023a0000,0x00000000024a0000)]

VM state:not at safepoint (normal execution)

VM Mutex/Monitor currently owned by a thread: None

Heap:
 PSYoungGen      total 57344K, used 983K [0x0000000780900000, 0x0000000784900000, 0x00000007c0000000)
  eden space 49152K, 2% used [0x0000000780900000,0x00000007809f5c38,0x0000000783900000)
  from space 8192K, 0% used [0x0000000784100000,0x0000000784100000,0x0000000784900000)
  to   space 8192K, 0% used [0x0000000783900000,0x0000000783900000,0x0000000784100000)
 ParOldGen       total 131072K, used 0K [0x0000000701a00000, 0x0000000709a00000, 0x0000000780900000)
  object space 131072K, 0% used [0x0000000701a00000,0x0000000701a00000,0x0000000709a00000)
 Metaspace       used 747K, capacity 4480K, committed 4480K, reserved 1056768K
  class space    used 75K, capacity 384K, committed 384K, reserved 1048576K

Card table byte_map: [0x0000000011a20000,0x0000000012020000] byte_map_base: 0x000000000e213000

Marking Bits: (ParMarkBitMap*) 0x0000000070f40860
 Begin Bits: [0x0000000012e20000, 0x0000000015db8000)
 End Bits:   [0x0000000015db8000, 0x0000000018d50000)

Polling page: 0x00000000005d0000

CodeCache: size=245760Kb used=328Kb max_used=328Kb free=245431Kb
 bounds [0x0000000002660000, 0x00000000028d0000, 0x0000000011660000]
 total_blobs=58 nmethods=0 adapters=38
 compilation: enabled

Compilation events (0 events):
No events

GC Heap History (0 events):
No events

Deoptimization events (0 events):
No events

Classes redefined (0 events):
No events

Internal exceptions (0 events):
No events

Events (10 events):
Event: 0.029 loading class java/lang/Short
Event: 0.030 loading class java/lang/Short done
Event: 0.030 loading class java/lang/Integer
Event: 0.030 loading class java/lang/Integer done
Event: 0.030 loading class java/lang/Long
Event: 0.030 loading class java/lang/Long done
Event: 0.030 loading class java/lang/NullPointerException
Event: 0.030 loading class java/lang/NullPointerException done
Event: 0.030 loading class java/lang/ArithmeticException
Event: 0.030 loading class java/lang/ArithmeticException done


Dynamic libraries:
0x00007ff7bc9b0000 - 0x00007ff7bc9e7000 	C:\Program Files\Java\jre1.8.0_162\bin\javaw.exe
0x00007ff801fe0000 - 0x00007ff8021c1000 	C:\Windows\SYSTEM32\ntdll.dll
0x00007ff800220000 - 0x00007ff8002d1000 	C:\Windows\System32\KERNEL32.DLL
0x00007ffffe460000 - 0x00007ffffe6d3000 	C:\Windows\System32\KERNELBASE.dll
0x00007ff801df0000 - 0x00007ff801e91000 	C:\Windows\System32\ADVAPI32.dll
0x00007fffff8b0000 - 0x00007fffff94e000 	C:\Windows\System32\msvcrt.dll
0x00007fffff850000 - 0x00007fffff8ab000 	C:\Windows\System32\sechost.dll
0x00007ff801cc0000 - 0x00007ff801de4000 	C:\Windows\System32\RPCRT4.dll
0x00007fffff9b0000 - 0x00007fffffb40000 	C:\Windows\System32\USER32.dll
0x00007ffffe440000 - 0x00007ffffe460000 	C:\Windows\System32\win32u.dll
0x00007ff801c90000 - 0x00007ff801cb8000 	C:\Windows\System32\GDI32.dll
0x00007ffffee70000 - 0x00007fffff001000 	C:\Windows\System32\gdi32full.dll
0x00007fffff010000 - 0x00007fffff0af000 	C:\Windows\System32\msvcp_win.dll
0x00007fffff0b0000 - 0x00007fffff1a8000 	C:\Windows\System32\ucrtbase.dll
0x00007fffed390000 - 0x00007fffed5f9000 	C:\Windows\WinSxS\amd64_microsoft.windows.common-controls_6595b64144ccf1df_6.0.17134.829_none_fb46a5473061b9d5\COMCTL32.dll
0x00007fffffb40000 - 0x00007fffffe62000 	C:\Windows\System32\combase.dll
0x00007ffffe6e0000 - 0x00007ffffe75a000 	C:\Windows\System32\bcryptPrimitives.dll
0x00007ff801ea0000 - 0x00007ff801ecd000 	C:\Windows\System32\IMM32.DLL
0x0000000070640000 - 0x0000000070711000 	C:\Program Files\Java\jre1.8.0_162\bin\msvcr100.dll
0x0000000070720000 - 0x0000000070fc0000 	C:\Program Files\Java\jre1.8.0_162\bin\server\jvm.dll
0x00007ff801ed0000 - 0x00007ff801ed8000 	C:\Windows\System32\PSAPI.DLL
0x00007ffffc1f0000 - 0x00007ffffc213000 	C:\Windows\SYSTEM32\WINMM.dll
0x00007ffff80c0000 - 0x00007ffff80ca000 	C:\Windows\SYSTEM32\VERSION.dll
0x00007ffffc270000 - 0x00007ffffc279000 	C:\Windows\SYSTEM32\WSOCK32.dll
0x00007ff8002e0000 - 0x00007ff80034c000 	C:\Windows\System32\WS2_32.dll
0x00007ffffc0a0000 - 0x00007ffffc0ca000 	C:\Windows\SYSTEM32\WINMMBASE.dll
0x00007ffffe390000 - 0x00007ffffe3d9000 	C:\Windows\System32\cfgmgr32.dll
0x0000000072db0000 - 0x0000000072dbf000 	C:\Program Files\Java\jre1.8.0_162\bin\verify.dll
0x0000000072d80000 - 0x0000000072da9000 	C:\Program Files\Java\jre1.8.0_162\bin\java.dll
0x0000000072d60000 - 0x0000000072d76000 	C:\Program Files\Java\jre1.8.0_162\bin\zip.dll

VM Arguments:
jvm_args: -Dfile.encoding=Cp1252 
java_command: controller.Main
java_class_path (initial): C:\Program Files\Java\jre1.8.0_162\lib\resources.jar;C:\Program Files\Java\jre1.8.0_162\lib\rt.jar;C:\Program Files\Java\jre1.8.0_162\lib\jsse.jar;C:\Program Files\Java\jre1.8.0_162\lib\jce.jar;C:\Program Files\Java\jre1.8.0_162\lib\charsets.jar;C:\Program Files\Java\jre1.8.0_162\lib\jfr.jar;C:\Program Files\Java\jre1.8.0_162\lib\ext\access-bridge-64.jar;C:\Program Files\Java\jre1.8.0_162\lib\ext\cldrdata.jar;C:\Program Files\Java\jre1.8.0_162\lib\ext\dnsns.jar;C:\Program Files\Java\jre1.8.0_162\lib\ext\jaccess.jar;C:\Program Files\Java\jre1.8.0_162\lib\ext\jfxrt.jar;C:\Program Files\Java\jre1.8.0_162\lib\ext\localedata.jar;C:\Program Files\Java\jre1.8.0_162\lib\ext\nashorn.jar;C:\Program Files\Java\jre1.8.0_162\lib\ext\sunec.jar;C:\Program Files\Java\jre1.8.0_162\lib\ext\sunjce_provider.jar;C:\Program Files\Java\jre1.8.0_162\lib\ext\sunmscapi.jar;C:\Program Files\Java\jre1.8.0_162\lib\ext\sunpkcs11.jar;C:\Program Files\Java\jre1.8.0_162\lib\ext\zipfs.jar;D:\FAX\IV semestar\Specifikacija i modeliranje softvera\projekat\projekat WS\WorkShop\bin
Launcher Type: SUN_STANDARD

Environment Variables:
JAVA_HOME=C:\Program Files\Java\jdk1.8.0_162
PATH=C:/Program Files/Java/jre1.8.0_162/bin/server;C:/Program Files/Java/jre1.8.0_162/bin;C:/Program Files/Java/jre1.8.0_162/lib/amd64;C:\Intel\OpenCL\sdk\bin\x64;C:\Intel\OpenCL\sdk\bin\x86;C:\Intel\OpenCL\sdk\bin\Pin;C:\Intel\OpenCL\sdk\bin\GTPin;C:\Program Files (x86)\IntelSWTools\compilers_and_libraries_2019.2.190\windows\mpi\intel64\bin;C:\Program Files (x86)\Common Files\Intel\Shared Libraries\redist\intel64_win\mpirt;C:\Program Files (x86)\Common Files\Intel\Shared Libraries\redist\ia32_win\mpirt;C:\Program Files (x86)\Common Files\Intel\Shared Libraries\redist\intel64_win\compiler;C:\Program Files (x86)\Common Files\Intel\Shared Libraries\redist\ia32_win\compiler;C:\Program Files (x86)\Common Files\Oracle\Java\javapath;C:\Windows\system32;C:\Windows;C:\Windows\System32\Wbem;C:\Windows\System32\WindowsPowerShell\v1.0\;C:\Windows\System32\OpenSSH\;D:\Program Files(x86)\Matlab\runtime\win64;D:\Program Files(x86)\Matlab\bin;D:\Program Files(x86)\Matlab\polyspace\bin;C:\Windows\system32\config\systemprofile\.dnx\bin;C:\Program Files\Microsoft DNX\Dnvm\;C:\Program Files\Microsoft SQL Server\120\Tools\Binn\;C:\Program Files\Microsoft SQL Server\130\Tools\Binn\;D:\Program Files(x86)\Python27;D:\Program Files(x86)\Git\cmd;C:\Program Files (x86)\Windows Kits\10\Windows Performance Toolkit\;C:\Users\Rocika\AppData\Local\Microsoft\WindowsApps;C:\Users\Rocika\AppData\Local\atom\bin;D:\Eclipse\eclipse;
USERNAME=Rocika
OS=Windows_NT
PROCESSOR_IDENTIFIER=Intel64 Family 6 Model 158 Stepping 10, GenuineIntel



---------------  S Y S T E M  ---------------

OS: Windows 10.0 , 64 bit Build 17134 (10.0.17134.753)

CPU:total 12 (initial active 12) (6 cores per cpu, 2 threads per core) family 6 model 158 stepping 10, cmov, cx8, fxsr, mmx, sse, sse2, sse3, ssse3, sse4.1, sse4.2, popcnt, avx, avx2, aes, clmul, erms, 3dnowpref, lzcnt, ht, tsc, tscinvbit, bmi1, bmi2, adx

Memory: 4k page, physical 12468468k(4631320k free), swap 28027248k(5840k free)

vm_info: Java HotSpot(TM) 64-Bit Server VM (25.162-b12) for windows-amd64 JRE (1.8.0_162-b12), built on Dec 19 2017 20:00:03 by "java_re" with MS VC++ 10.0 (VS2010)

time: Sun Jul 07 20:14:26 2019
elapsed time: 0 seconds (0d 0h 0m 0s)

